<?xml version="1.0" encoding="UTF-8"?>
<!-- Generated by org.testng.reporters.JUnitReportReporter -->
<testsuite skipped="0" hostname="ELDEN-QA1L" name="testpackage.FBSignUp" tests="1" failures="0" timestamp="2020-01-06T17:11:59 IST" time="0.009" errors="0">
  <testcase name="beforet" time="0.009" classname="testpackage.FBSignUp"/>
</testsuite> <!-- testpackage.FBSignUp -->
