<?xml version="1.0" encoding="UTF-8"?>
<!-- Generated by org.testng.reporters.JUnitReportReporter -->
<testsuite skipped="0" hostname="ELDEN-QA1L" name="testpackage.FBSignUPXPath" tests="1" failures="0" timestamp="2020-01-10T10:48:25 IST" time="64.725" errors="0">
  <testcase name="webelements" time="64.725" classname="testpackage.FBSignUPXPath"/>
</testsuite> <!-- testpackage.FBSignUPXPath -->
