<?xml version="1.0" encoding="UTF-8"?>
<!-- Generated by org.testng.reporters.JUnitReportReporter -->
<testsuite skipped="0" hostname="ELDEN-QA1L" name="testpackage.FBSignUPXPath" tests="1" failures="0" timestamp="2020-01-06T18:12:21 IST" time="15.457" errors="0">
  <testcase name="method1" time="15.457" classname="testpackage.FBSignUPXPath"/>
</testsuite> <!-- testpackage.FBSignUPXPath -->
